<?xml version="1.0" encoding="utf-8"?><testsuites><testsuite name="pytest" errors="0" failures="0" skipped="0" tests="191" time="1.490" timestamp="2026-07-16T15:18:06.826794" hostname="shijue"><testcase classname="auto_nav_pkg.test.test_downstream_route_yaw_reference" name="test_runtime_route_zero_adjusts_only_requested_downstream_angles" time="0.000" /><testcase classname="auto_nav_pkg.test.test_downstream_route_yaw_reference" name="test_master_switch_or_missing_reference_preserves_nominal_angles" time="0.000" /><testcase classname="auto_nav_pkg.test.test_downstream_route_yaw_reference" name="test_per_branch_switches_preserve_that_branch_nominal_angle" time="0.000" /><testcase classname="auto_nav_pkg.test.test_downstream_route_yaw_reference" name="test_limit_bar_base_yaw_mode_ignores_global_route_offset" time="0.000" /><testcase classname="auto_nav_pkg.test.test_lateral_s_curve" name="test_hurdle_shadow_plan_has_smooth_route_frame_endpoints" time="0.001" /><testcase classname="auto_nav_pkg.test.test_lateral_s_curve" name="test_lateral_sign_changes_heading_direction_without_changing_limits" time="0.001" /><testcase classname="auto_nav_pkg.test.test_lateral_s_curve" name="test_plan_rejects_route_that_exceeds_heading_limit" time="0.000" /><testcase classname="auto_nav_pkg.test.test_lateral_s_curve" name="test_plan_rejects_insufficient_forward_distance_before_division" time="0.000" /><testcase classname="auto_nav_pkg.test.test_lidar_slalom_core" name="test_entry_p4_detector_prefers_centered_vertical_cluster" time="0.001" /><testcase classname="auto_nav_pkg.test.test_lidar_slalom_core" name="test_transient_frame_matches_mirrored_p4_to_p1_topology" time="0.001" /><testcase classname="auto_nav_pkg.test.test_lidar_slalom_core" name="test_continuous_path_hits_rule_zones_and_preserves_body_clearance" time="0.011" /><testcase classname="auto_nav_pkg.test.test_lidar_slalom_core" name="test_tracking_command_uses_expected_right_turn_sign" time="0.000" /><testcase classname="auto_nav_pkg.test.test_lidar_slalom_core" name="test_tracking_command_can_lock_absolute_yaw_while_translating" time="0.000" /><testcase classname="auto_nav_pkg.test.test_lidar_slalom_core" name="test_corrected_robot_footprint_uses_oriented_rectangle_clearance" time="0.000" /><testcase classname="auto_nav_pkg.test.test_lidar_slalom_core" name="test_slalom_path_has_margin_for_66_by_46_cm_footprint" time="0.010" /><testcase classname="auto_nav_pkg.test.test_lidar_slalom_core" name="test_terminal_pose_curve_ends_at_zone_three_with_absolute_zero_yaw" time="0.012" /><testcase classname="auto_nav_pkg.test.test_lidar_slalom_core" name="test_p3_p2_gate_keeps_margin_with_large_heading_error" time="0.013" /><testcase classname="auto_nav_pkg.test.test_lidar_slalom_core" name="test_final_turn_is_ccw_90_degrees_from_turn_entry_yaw" time="0.000" /><testcase classname="auto_nav_pkg.test.test_obstacle_manager_apriltag_compensation" name="test_compensation_cache_records_bridge_outside_active_arrival_goal" time="0.000" /><testcase classname="auto_nav_pkg.test.test_obstacle_manager_apriltag_compensation" name="test_bridge_compensation_uses_keyed_cache_when_active_cache_is_base" time="0.000" /><testcase classname="auto_nav_pkg.test.test_obstacle_manager_apriltag_compensation" name="test_bridge_exit_keeps_normal_distance_and_tag_compensation_without_retry" time="0.000" /><testcase classname="auto_nav_pkg.test.test_obstacle_manager_apriltag_compensation" name="test_bridge_exit_uses_exact_half_meter_and_skips_tag_compensation_after_retry" time="0.000" /><testcase classname="auto_nav_pkg.test.test_obstacle_manager_apriltag_compensation" name="test_absolute_delta_yaw_uses_global_reference_instead_of_current_pose" time="0.000" /><testcase classname="auto_nav_pkg.test.test_obstacle_manager_apriltag_compensation" name="test_absolute_delta_yaw_preserves_negative_increment" time="0.000" /><testcase classname="auto_nav_pkg.test.test_obstacle_manager_apriltag_compensation" name="test_route_absolute_yaw_adds_latched_route_zero" time="0.000" /><testcase classname="auto_nav_pkg.test.test_obstacle_manager_apriltag_compensation" name="test_route_absolute_yaw_uses_legacy_fallback_when_feature_is_disabled" time="0.000" /><testcase classname="auto_nav_pkg.test.test_obstacle_manager_apriltag_compensation" name="test_bridge_reference_delta_prefers_bridge_retry_heading" time="0.000" /><testcase classname="auto_nav_pkg.test.test_obstacle_manager_apriltag_compensation" name="test_bridge_reference_delta_uses_route_zero_without_bridge_retry" time="0.000" /><testcase classname="auto_nav_pkg.test.test_obstacle_manager_apriltag_compensation" name="test_waypoint_arrival_yaw_prefers_real_bridge_entry_arrival" time="0.000" /><testcase classname="auto_nav_pkg.test.test_obstacle_manager_apriltag_compensation" name="test_waypoint_arrival_yaw_falls_back_to_latest_bridge_retry_heading" time="0.000" /><testcase classname="auto_nav_pkg.test.test_obstacle_manager_apriltag_compensation" name="test_waypoint_arrival_yaw_still_waits_without_any_reference" time="0.000" /><testcase classname="auto_nav_pkg.test.test_obstacle_race_supervisor_config" name="test_slope_align_enabled_is_bool" time="0.050" /><testcase classname="auto_nav_pkg.test.test_obstacle_race_supervisor_config" name="test_upstairs_done_retry_guard_matches_requested_forward_protection" time="0.048" /><testcase classname="auto_nav_pkg.test.test_obstacle_race_supervisor_config" name="test_slope_roll_detection_latches_first_over_threshold_sample" time="0.068" /><testcase classname="auto_nav_pkg.test.test_obstacle_race_supervisor_config" name="test_sandpit_pre_align_targets_id10_and_matches_pole_v4_turns" time="0.132" /><testcase classname="auto_nav_pkg.test.test_obstacle_race_supervisor_config" name="test_pole_v4_pre_align_scales_lateral_shift_before_absolute_cap" time="0.029" /><testcase classname="auto_nav_pkg.test.test_obstacle_race_supervisor_config" name="test_pole_v1_shared_control_config_matches_v4_without_overwriting_route_tuning" time="0.053" /><testcase classname="auto_nav_pkg.test.test_obstacle_race_supervisor_config" name="test_pole_configs_enable_same_coordinate_free_lidar_route_with_legacy_rollback" time="0.074" /><testcase classname="auto_nav_pkg.test.test_obstacle_race_supervisor_config" name="test_full_flow_launch_connects_lidar_pole_branch_to_supervisor" time="0.000" /><testcase classname="auto_nav_pkg.test.test_obstacle_race_supervisor_config" name="test_phase_two_s_curve_enables_hurdle_and_upstairs_shadow_modes" time="0.048" /><testcase classname="auto_nav_pkg.test.test_obstacle_race_supervisor_config" name="test_phase_two_actual_control_enables_hurdle_and_upstairs_with_rollback" time="0.049" /><testcase classname="auto_nav_pkg.test.test_obstacle_race_supervisor_config" name="test_supervisor_overlay_preserves_pre_duck_yaw_fail_open" time="0.005" /><testcase classname="auto_nav_pkg.test.test_obstacle_race_supervisor_config" name="test_post_stairs_initial_yaw_alignment_matches_enabled_configuration" time="0.049" /><testcase classname="auto_nav_pkg.test.test_obstacle_race_supervisor_config" name="test_failed_state_holds_stop_and_cancels_stale_navigation" time="0.049" /><testcase classname="auto_nav_pkg.test.test_obstacle_race_supervisor_hurdle" name="test_yaw_compensation_matches_aligned_hurdle_tag_direction" time="0.001" /><testcase classname="auto_nav_pkg.test.test_obstacle_race_supervisor_hurdle" name="test_hurdle_visual_distance_is_not_overwritten_by_tag_distance" time="0.001" /><testcase classname="auto_nav_pkg.test.test_obstacle_race_supervisor_hurdle" name="test_hurdle_pre_align_uses_current_aligned_tag_for_shift" time="0.000" /><testcase classname="auto_nav_pkg.test.test_obstacle_race_supervisor_hurdle" name="test_hurdle_fixed_yaw_uses_locked_tag_without_fresh_tf" time="0.000" /><testcase classname="auto_nav_pkg.test.test_obstacle_race_supervisor_hurdle" name="test_hurdle_fixed_yaw_starts_odom_alignment_without_fresh_tf" time="0.000" /><testcase classname="auto_nav_pkg.test.test_obstacle_race_supervisor_hurdle" name="test_hurdle_pre_align_stops_while_holding_inside_tolerance" time="0.001" /><testcase classname="auto_nav_pkg.test.test_obstacle_race_supervisor_hurdle" name="test_hurdle_fine_yaw_turn_does_not_use_overlay_step_size" time="0.000" /><testcase classname="auto_nav_pkg.test.test_obstacle_race_supervisor_hurdle" name="test_hurdle_tf_buffer_fallback_accepts_fresh_transform" time="0.000" /><testcase classname="auto_nav_pkg.test.test_obstacle_race_supervisor_hurdle" name="test_hurdle_tf_buffer_fallback_rejects_stale_transform" time="0.000" /><testcase classname="auto_nav_pkg.test.test_obstacle_race_supervisor_limit_bar" name="test_duck_travel_projection_only_counts_locked_yaw_direction" time="0.000" /><testcase classname="auto_nav_pkg.test.test_obstacle_race_supervisor_limit_bar" name="test_duck_travel_projection_uses_signed_progress" time="0.000" /><testcase classname="auto_nav_pkg.test.test_obstacle_race_supervisor_limit_bar" name="test_duck_travel_projection_switch_preserves_euclidean_mode" time="0.000" /><testcase classname="auto_nav_pkg.test.test_obstacle_race_supervisor_limit_bar" name="test_final_forward_enters_base_yaw_align_before_duck" time="0.000" /><testcase classname="auto_nav_pkg.test.test_obstacle_race_supervisor_limit_bar" name="test_base_yaw_align_handles_wraparound_then_enters_duck" time="0.000" /><testcase classname="auto_nav_pkg.test.test_obstacle_race_supervisor_limit_bar" name="test_pre_duck_yaw_timeout_still_fails_when_fail_open_is_disabled" time="0.000" /><testcase classname="auto_nav_pkg.test.test_obstacle_race_supervisor_limit_bar" name="test_pre_duck_yaw_timeout_fail_open_continues_into_duck" time="0.000" /><testcase classname="auto_nav_pkg.test.test_obstacle_race_supervisor_limit_bar" name="test_pre_duck_yaw_stops_inside_tolerance_while_yaw_rate_settles" time="0.000" /><testcase classname="auto_nav_pkg.test.test_obstacle_race_supervisor_limit_bar" name="test_pre_duck_yaw_hysteresis_only_resumes_after_exit_tolerance" time="0.000" /><testcase classname="auto_nav_pkg.test.test_obstacle_race_supervisor_limit_bar" name="test_pre_duck_yaw_settle_timeout_fail_open_still_continues" time="0.000" /><testcase classname="auto_nav_pkg.test.test_obstacle_race_supervisor_limit_bar" name="test_pre_duck_stationary_turn_uses_precision_brake_guard" time="0.000" /><testcase classname="auto_nav_pkg.test.test_obstacle_race_supervisor_limit_bar" name="test_global_pre_duck_align_only_applies_to_limit_bar" time="0.000" /><testcase classname="auto_nav_pkg.test.test_obstacle_race_supervisor_limit_bar" name="test_limit_bar_legacy_pre_duck_align_has_zero_average_command" time="0.000" /><testcase classname="auto_nav_pkg.test.test_obstacle_race_supervisor_limit_bar" name="test_limit_bar_pre_duck_stationary_switch_restores_legacy_turn" time="0.000" /><testcase classname="auto_nav_pkg.test.test_obstacle_race_supervisor_limit_bar" name="test_upstairs_visual_ready_finishes_when_odom_progress_stalls" time="0.000" /><testcase classname="auto_nav_pkg.test.test_obstacle_race_supervisor_limit_bar" name="test_upstairs_odom_complete_creeps_until_distance_is_confirmed" time="0.000" /><testcase classname="auto_nav_pkg.test.test_obstacle_race_supervisor_limit_bar" name="test_upstairs_distance_confirm_creep_stops_at_extra_distance_limit" time="0.000" /><testcase classname="auto_nav_pkg.test.test_obstacle_race_supervisor_limit_bar" name="test_upstairs_visual_confirmation_can_override_live_tag_distance" time="0.000" /><testcase classname="auto_nav_pkg.test.test_obstacle_race_supervisor_limit_bar" name="test_upstairs_final_align_latches_distance_and_never_walks_forward_again" time="0.000" /><testcase classname="auto_nav_pkg.test.test_obstacle_race_supervisor_limit_bar" name="test_upstairs_visual_fallback_allows_close_image_without_recent_tag_id" time="0.000" /><testcase classname="auto_nav_pkg.test.test_obstacle_race_supervisor_limit_bar" name="test_upstairs_visual_fallback_can_require_recent_tag_id_when_configured" time="0.000" /><testcase classname="auto_nav_pkg.test.test_obstacle_race_supervisor_limit_bar" name="test_upstairs_fresh_tag_blocks_early_visual_completion" time="0.000" /><testcase classname="auto_nav_pkg.test.test_obstacle_race_supervisor_limit_bar" name="test_upstairs_fresh_tag_completes_at_final_distance" time="0.000" /><testcase classname="auto_nav_pkg.test.test_obstacle_race_supervisor_limit_bar" name="test_upstairs_final_forward_does_not_reuse_lateral_deadband" time="0.000" /><testcase classname="auto_nav_pkg.test.test_obstacle_race_supervisor_limit_bar" name="test_upstairs_final_forward_slows_down_near_stop_distance" time="0.000" /><testcase classname="auto_nav_pkg.test.test_obstacle_race_supervisor_limit_bar" name="test_limit_bar_final_forward_does_not_use_upstairs_slow_speed" time="0.000" /><testcase classname="auto_nav_pkg.test.test_obstacle_race_supervisor_limit_bar" name="test_upstairs_small_yaw_error_keeps_walking_instead_of_point_turning" time="0.000" /><testcase classname="auto_nav_pkg.test.test_obstacle_race_supervisor_limit_bar" name="test_limit_bar_still_uses_original_six_degree_point_turn_gate" time="0.000" /><testcase classname="auto_nav_pkg.test.test_obstacle_race_supervisor_limit_bar" name="test_hurdle_visual_jump_completion_behavior_is_unchanged" time="0.000" /><testcase classname="auto_nav_pkg.test.test_obstacle_race_supervisor_limit_bar" name="test_hurdle_legacy_final_forward_relock_uses_fresh_shorter_distance" time="0.000" /><testcase classname="auto_nav_pkg.test.test_obstacle_race_supervisor_limit_bar" name="test_hurdle_legacy_final_forward_relock_limits_single_reduction" time="0.000" /><testcase classname="auto_nav_pkg.test.test_obstacle_race_supervisor_limit_bar" name="test_hurdle_legacy_final_forward_slows_near_stop_distance" time="0.000" /><testcase classname="auto_nav_pkg.test.test_obstacle_race_supervisor_limit_bar" name="test_hurdle_legacy_final_forward_hard_stops_on_excess_overshoot" time="0.000" /><testcase classname="auto_nav_pkg.test.test_obstacle_race_supervisor_limit_bar" name="test_precision_turn_uses_faster_far_command_but_preserves_direction" time="0.000" /><testcase classname="auto_nav_pkg.test.test_obstacle_race_supervisor_limit_bar" name="test_precision_turn_brakes_before_predicted_overshoot" time="0.000" /><testcase classname="auto_nav_pkg.test.test_obstacle_race_supervisor_limit_bar" name="test_pre_duck_stationary_precision_turn_cools_down_before_reverse" time="0.000" /><testcase classname="auto_nav_pkg.test.test_obstacle_race_supervisor_limit_bar" name="test_precision_duck_align_uses_action_entry_gate_not_six_degree_walk_gate" time="0.000" /><testcase classname="auto_nav_pkg.test.test_obstacle_race_supervisor_limit_bar" name="test_precision_turn_requires_low_yaw_rate_and_hold_before_phase_change" time="0.000" /><testcase classname="auto_nav_pkg.test.test_obstacle_race_supervisor_limit_bar" name="test_lateral_shift_arrival_tolerance_is_independent_from_trigger_deadband" time="0.000" /><testcase classname="auto_nav_pkg.test.test_obstacle_race_supervisor_limit_bar" name="test_lateral_turn_phase_timeout_stops_instead_of_waiting_forever" time="0.000" /><testcase classname="auto_nav_pkg.test.test_obstacle_race_supervisor_limit_bar" name="test_lateral_turn_completion_wins_when_watchdog_boundary_is_reached" time="0.000" /><testcase classname="auto_nav_pkg.test.test_obstacle_race_supervisor_limit_bar" name="test_limit_bar_turn_timeout_grace_waits_for_yaw_rate_to_settle" time="0.000" /><testcase classname="auto_nav_pkg.test.test_obstacle_race_supervisor_limit_bar" name="test_precision_master_switch_restores_legacy_arrival_and_timeout_behavior" time="0.000" /><testcase classname="auto_nav_pkg.test.test_obstacle_race_supervisor_limit_bar" name="test_limit_bar_uses_its_own_relaxed_s_curve_heading_limit" time="0.001" /><testcase classname="auto_nav_pkg.test.test_obstacle_race_supervisor_limit_bar" name="test_limit_bar_short_field_route_uses_branch_curvature_limit" time="0.001" /><testcase classname="auto_nav_pkg.test.test_obstacle_race_supervisor_limit_bar" name="test_limit_bar_30cm_shift_stays_on_s_curve_with_42deg_heading_limit" time="0.001" /><testcase classname="auto_nav_pkg.test.test_obstacle_race_supervisor_limit_bar" name="test_limit_bar_fixed_yaw_keeps_tag_centerline_geometry" time="0.000" /><testcase classname="auto_nav_pkg.test.test_obstacle_race_supervisor_limit_bar" name="test_limit_bar_geometry_lock_selects_minimum_absolute_center_with_paired_depth" time="0.000" /><testcase classname="auto_nav_pkg.test.test_obstacle_race_supervisor_limit_bar" name="test_limit_bar_locked_geometry_is_rotated_by_odom_yaw_only" time="0.000" /><testcase classname="auto_nav_pkg.test.test_obstacle_race_supervisor_limit_bar" name="test_hurdle_s_curve_shadow_maps_clockwise_shift_to_route_right" time="0.001" /><testcase classname="auto_nav_pkg.test.test_obstacle_race_supervisor_limit_bar" name="test_s_curve_shadow_master_switch_is_a_complete_rollback" time="0.000" /><testcase classname="auto_nav_pkg.test.test_obstacle_race_supervisor_limit_bar" name="test_s_curve_shadow_completion_summary_is_logged_once" time="0.001" /><testcase classname="auto_nav_pkg.test.test_obstacle_race_supervisor_limit_bar" name="test_s_curve_actual_control_candidate_is_high_wall_gated" time="0.001" /><testcase classname="auto_nav_pkg.test.test_obstacle_race_supervisor_limit_bar" name="test_hurdle_s_curve_marginal_heading_excess_clamps_lateral_target" time="0.001" /><testcase classname="auto_nav_pkg.test.test_obstacle_race_supervisor_limit_bar" name="test_s_curve_actual_master_switch_keeps_legacy_candidate" time="0.001" /><testcase classname="auto_nav_pkg.test.test_obstacle_race_supervisor_s_curve_control" name="test_s_curve_progress_uses_base_yaw_route_coordinates" time="0.001" /><testcase classname="auto_nav_pkg.test.test_obstacle_race_supervisor_s_curve_control" name="test_s_curve_rightward_route_commands_right_turn_correction" time="0.001" /><testcase classname="auto_nav_pkg.test.test_obstacle_race_supervisor_s_curve_control" name="test_s_curve_slows_before_endpoint" time="0.001" /><testcase classname="auto_nav_pkg.test.test_obstacle_race_supervisor_s_curve_control" name="test_s_curve_ignores_single_frame_visual_close_candidate" time="0.001" /><testcase classname="auto_nav_pkg.test.test_obstacle_race_supervisor_s_curve_control" name="test_s_curve_ignores_early_visual_candidate_inconsistent_with_tag" time="0.001" /><testcase classname="auto_nav_pkg.test.test_obstacle_race_supervisor_s_curve_control" name="test_s_curve_accepts_confirmed_visual_candidate_near_endpoint" time="0.001" /><testcase classname="auto_nav_pkg.test.test_obstacle_race_supervisor_s_curve_control" name="test_s_curve_completion_holds_then_enters_hurdle_wait" time="0.001" /><testcase classname="auto_nav_pkg.test.test_obstacle_race_supervisor_s_curve_control" name="test_hurdle_visual_completion_continues_after_plan_endpoint_overshoot" time="0.001" /><testcase classname="auto_nav_pkg.test.test_obstacle_race_supervisor_s_curve_control" name="test_hurdle_visual_completion_keeps_secondary_overshoot_limit" time="0.000" /><testcase classname="auto_nav_pkg.test.test_obstacle_race_supervisor_s_curve_control" name="test_s_curve_arrival_settle_stops_before_completion_hold" time="0.001" /><testcase classname="auto_nav_pkg.test.test_obstacle_race_supervisor_s_curve_control" name="test_s_curve_completion_stops_when_retreat_exceeds_limit" time="0.001" /><testcase classname="auto_nav_pkg.test.test_obstacle_race_supervisor_s_curve_control" name="test_s_curve_completion_recovers_retreat_and_continues_flow" time="0.001" /><testcase classname="auto_nav_pkg.test.test_obstacle_race_supervisor_s_curve_control" name="test_s_curve_completion_rechecks_lateral_error_after_arrival" time="0.001" /><testcase classname="auto_nav_pkg.test.test_obstacle_race_supervisor_s_curve_control" name="test_upstairs_s_curve_tracks_route_with_branch_specific_speed" time="0.001" /><testcase classname="auto_nav_pkg.test.test_obstacle_race_supervisor_s_curve_control" name="test_upstairs_s_curve_ignores_distance_candidate_too_early" time="0.001" /><testcase classname="auto_nav_pkg.test.test_obstacle_race_supervisor_s_curve_control" name="test_upstairs_s_curve_creeps_when_odom_arrives_before_distance" time="0.001" /><testcase classname="auto_nav_pkg.test.test_obstacle_race_supervisor_s_curve_control" name="test_upstairs_s_curve_aligns_yaw_before_distance_creep" time="0.001" /><testcase classname="auto_nav_pkg.test.test_obstacle_race_supervisor_s_curve_control" name="test_upstairs_s_curve_final_align_uses_zero_forward_turn" time="0.001" /><testcase classname="auto_nav_pkg.test.test_obstacle_race_supervisor_s_curve_control" name="test_upstairs_s_curve_completion_latch_ignores_route_overshoot" time="0.001" /><testcase classname="auto_nav_pkg.test.test_obstacle_race_supervisor_s_curve_control" name="test_upstairs_s_curve_latches_distance_then_finishes_step_once" time="0.001" /><testcase classname="auto_nav_pkg.test.test_obstacle_race_supervisor_s_curve_control" name="test_limit_bar_short_s_curve_tracks_with_conservative_speed" time="0.001" /><testcase classname="auto_nav_pkg.test.test_obstacle_race_supervisor_s_curve_control" name="test_limit_bar_s_curve_phase_dispatches_to_limit_bar_controller" time="0.001" /><testcase classname="auto_nav_pkg.test.test_obstacle_race_supervisor_s_curve_control" name="test_limit_bar_s_curve_final_align_has_zero_average_command" time="0.001" /><testcase classname="auto_nav_pkg.test.test_obstacle_race_supervisor_s_curve_control" name="test_limit_bar_s_curve_completes_into_pre_duck_yaw_align" time="0.001" /><testcase classname="auto_nav_pkg.test.test_obstacle_race_supervisor_s_curve_control" name="test_limit_bar_s_curve_tolerates_transient_final_lateral_pose_jump" time="0.001" /><testcase classname="auto_nav_pkg.test.test_obstacle_race_supervisor_s_curve_control" name="test_limit_bar_s_curve_pre_stops_once_before_endpoint" time="0.001" /><testcase classname="auto_nav_pkg.test.test_obstacle_race_supervisor_s_curve_control" name="test_limit_bar_s_curve_stops_at_endpoint_within_final_eight_centimeters" time="0.001" /><testcase classname="auto_nav_pkg.test.test_obstacle_race_supervisor_s_curve_control" name="test_limit_bar_s_curve_final_lateral_violation_requires_hold" time="0.001" /><testcase classname="auto_nav_pkg.test.test_obstacle_race_supervisor_s_curve_control" name="test_limit_bar_s_curve_stops_on_eight_centimeter_overshoot" time="0.001" /><testcase classname="auto_nav_pkg.test.test_obstacle_race_supervisor_s_curve_control" name="test_limit_bar_s_curve_fail_open_finishes_after_forward_overshoot" time="0.001" /><testcase classname="auto_nav_pkg.test.test_obstacle_race_supervisor_s_curve_control" name="test_limit_bar_s_curve_fail_open_bypasses_final_lateral_failure" time="0.001" /><testcase classname="auto_nav_pkg.test.test_obstacle_race_supervisor_s_curve_control" name="test_limit_bar_s_curve_fail_open_bypasses_cross_track_failure" time="0.002" /><testcase classname="auto_nav_pkg.test.test_obstacle_race_supervisor_s_curve_control" name="test_limit_bar_s_curve_fail_open_converts_timeout_to_completion" time="0.002" /><testcase classname="auto_nav_pkg.test.test_obstacle_race_supervisor_s_curve_control" name="test_post_stairs_yaw_alignment_is_independent_from_global_slope_align" time="0.000" /><testcase classname="auto_nav_pkg.test.test_obstacle_race_supervisor_slope_retry" name="test_pre_bridge_retry_latches_route_zero_and_returns_to_search" time="0.000" /><testcase classname="auto_nav_pkg.test.test_obstacle_race_supervisor_slope_retry" name="test_second_pre_bridge_retry_reuses_first_route_zero" time="0.000" /><testcase classname="auto_nav_pkg.test.test_obstacle_race_supervisor_slope_retry" name="test_bridge_retry_latches_heading_and_restarts_turn_180_settle" time="0.000" /><testcase classname="auto_nav_pkg.test.test_obstacle_race_supervisor_slope_retry" name="test_first_three_bridge_retries_cross_bridge_and_fourth_uses_exit_spin" time="0.000" /><testcase classname="auto_nav_pkg.test.test_obstacle_race_supervisor_slope_retry" name="test_mirror_fourth_bridge_retry_uses_mirror_exit_spin" time="0.000" /><testcase classname="auto_nav_pkg.test.test_obstacle_race_supervisor_slope_retry" name="test_runtime_yaw_retry_feature_enables_for_mirror_file" time="0.000" /><testcase classname="auto_nav_pkg.test.test_obstacle_race_supervisor_slope_retry" name="test_runtime_yaw_retry_feature_stays_disabled_for_unknown_file" time="0.000" /><testcase classname="auto_nav_pkg.test.test_obstacle_race_supervisor_slope_retry" name="test_runtime_yaw_retry_feature_enables_for_standard_file" time="0.000" /><testcase classname="auto_nav_pkg.test.test_obstacle_race_supervisor_slope_retry" name="test_retry_dispatch_uses_bridge_logic_from_turn_180_settle" time="0.000" /><testcase classname="auto_nav_pkg.test.test_obstacle_race_supervisor_slope_retry" name="test_retry_dispatch_keeps_final_descent_mid_spin_in_bridge_logic" time="0.000" /><testcase classname="auto_nav_pkg.test.test_obstacle_race_supervisor_slope_retry" name="test_retry_dispatch_keeps_mirror_mid_spin_in_bridge_logic" time="0.000" /><testcase classname="auto_nav_pkg.test.test_obstacle_race_supervisor_slope_retry" name="test_retry_dispatch_returns_to_search_after_final_descent_mid_spin" time="0.000" /><testcase classname="auto_nav_pkg.test.test_obstacle_race_supervisor_slope_retry" name="test_post_mid_slope_retry_clears_branch_and_enters_search" time="0.000" /><testcase classname="auto_nav_pkg.test.test_obstacle_race_supervisor_slope_retry" name="test_retry_dispatch_uses_rezero_logic_before_turn_180_settle" time="0.000" /><testcase classname="auto_nav_pkg.test.test_obstacle_race_supervisor_slope_retry" name="test_mirror_retry_dispatch_uses_rezero_logic_before_turn_180_settle" time="0.000" /><testcase classname="auto_nav_pkg.test.test_obstacle_race_supervisor_slope_retry" name="test_failed_bridge_retry_still_uses_bridge_restart_logic" time="0.000" /><testcase classname="auto_nav_pkg.test.test_obstacle_race_supervisor_slope_retry" name="test_failed_limit_bar_retry_returns_to_search" time="0.000" /><testcase classname="auto_nav_pkg.test.test_obstacle_race_supervisor_slope_retry" name="test_failed_slope_retry_rearms_slope_detection" time="0.000" /><testcase classname="auto_nav_pkg.test.test_obstacle_race_supervisor_slope_retry" name="test_failed_retry_bypasses_initial_start_guard" time="0.000" /><testcase classname="auto_nav_pkg.test.test_obstacle_race_supervisor_slope_retry" name="test_fail_records_recovery_source_before_entering_failed" time="0.000" /><testcase classname="auto_nav_pkg.test.test_obstacle_race_supervisor_upstairs_done_guard" name="test_done_guard_publishes_small_forward_then_returns_to_done_hold" time="0.000" /><testcase classname="auto_nav_pkg.test.test_obstacle_race_supervisor_upstairs_done_guard" name="test_retry_during_done_guard_rearms_upstairs_and_returns_to_search" time="0.000" /><testcase classname="auto_nav_pkg.test.test_obstacle_race_supervisor_upstairs_done_guard" name="test_retry_after_done_guard_expired_is_still_ignored" time="0.000" /><testcase classname="auto_nav_pkg.test.test_orange_pole_lidar_slalom" name="test_final_turn_locks_current_yaw_and_commands_fast_mode_6_ccw" time="0.001" /><testcase classname="auto_nav_pkg.test.test_orange_pole_lidar_slalom" name="test_running_switches_to_final_turn_immediately_after_zone_three" time="0.000" /><testcase classname="auto_nav_pkg.test.test_orange_pole_lidar_slalom" name="test_running_exit_curve_locks_absolute_yaw_before_finishing" time="0.001" /><testcase classname="auto_nav_pkg.test.test_orange_pole_lidar_slalom" name="test_p4_lock_does_not_recount_the_same_cloud_frame" time="0.000" /><testcase classname="auto_nav_pkg.test.test_orange_pole_lidar_slalom" name="test_sequential_pole_lock_does_not_recount_the_same_cloud_frame" time="0.000" /><testcase classname="auto_nav_pkg.test.test_orange_pole_lidar_slalom" name="test_runtime_violation_warns_and_continues_when_stop_is_disabled" time="0.000" /><testcase classname="auto_nav_pkg.test.test_orange_pole_lidar_slalom" name="test_runtime_violation_still_stops_when_enabled" time="0.000" /><testcase classname="auto_nav_pkg.test.test_orange_pole_lidar_slalom" name="test_runtime_raw_cloud_stale_warns_and_continues_after_path_started" time="0.000" /><testcase classname="auto_nav_pkg.test.test_orange_pole_lidar_slalom" name="test_final_turn_finishes_immediately_inside_tolerance" time="0.000" /><testcase classname="auto_nav_pkg.test.test_orange_pole_lidar_slalom" name="test_final_turn_finishes_on_first_target_crossing_outside_tolerance" time="0.000" /><testcase classname="auto_nav_pkg.test.test_orange_pole_lidar_slalom" name="test_final_turn_can_restore_legacy_stable_yaw_hold" time="0.000" /><testcase classname="auto_nav_pkg.test.test_orange_pole_pre_align_stability" name="test_pre_align_pitch_filter_waits_for_minimum_samples_then_uses_median" time="0.000" /><testcase classname="auto_nav_pkg.test.test_orange_pole_pre_align_stability" name="test_pre_align_hysteresis_keeps_hold_until_exit_tolerance" time="0.000" /><testcase classname="auto_nav_pkg.test.test_orange_pole_pre_align_stability" name="test_pre_align_reverse_cooldown_inserts_zero_before_opposite_turn" time="0.000" /><testcase classname="auto_nav_pkg.test.test_orange_pole_pre_align_stability" name="test_pose_turn_scale_damps_tag_alignment_without_slowing_shift_turns" time="0.000" /><testcase classname="auto_nav_pkg.test.test_orange_pole_pre_align_stability" name="test_fixed_absolute_yaw_ignores_tag_pose_and_locks_global_reference" time="0.000" /><testcase classname="auto_nav_pkg.test.test_orange_pole_pre_align_stability" name="test_fixed_absolute_yaw_is_used_for_locked_route_frame" time="0.000" /><testcase classname="auto_nav_pkg.test.test_orange_pole_pre_align_stability" name="test_fixed_pole_yaw_adds_runtime_route_zero_when_enabled" time="0.000" /><testcase classname="auto_nav_pkg.test.test_orange_pole_pre_align_stability" name="test_fixed_pole_yaw_falls_back_when_runtime_reference_is_disabled" time="0.000" /><testcase classname="auto_nav_pkg.test.test_orange_pole_pre_align_stability" name="test_precision_turn_hold_requires_low_yaw_rate" time="0.000" /><testcase classname="auto_nav_pkg.test.test_orange_pole_pre_align_stability" name="test_precision_turn_brakes_before_reversing_near_target" time="0.000" /><testcase classname="auto_nav_pkg.test.test_orange_pole_pre_align_stability" name="test_precision_turn_scales_up_only_far_from_target" time="0.000" /><testcase classname="auto_nav_pkg.test.test_yaw_rate_estimator" name="test_windowed_rate_tracks_constant_turn_across_angle_wrap" time="0.000" /><testcase classname="auto_nav_pkg.test.test_yaw_rate_estimator" name="test_short_interval_yaw_spike_does_not_become_control_rate_spike" time="0.000" /><testcase classname="auto_nav_pkg.test.test_yaw_rate_estimator" name="test_rate_waits_for_minimum_window_span" time="0.000" /><testcase classname="auto_nav_pkg.test.test_yaw_rate_estimator" name="test_long_pose_gap_resets_rate_history" time="0.000" /></testsuite></testsuites>