Start testing: Jul 11 06:21 CST
----------------------------------------------------------
1/1 Testing: cppcheck
1/1 Test: cppcheck
Command: "/usr/bin/python3" "-u" "/opt/ros/humble/share/ament_cmake_test/cmake/run_test.py" "/home/gouzi/obstacle_race_src/build/apriltag_ros/test_results/apriltag_ros/cppcheck.xunit.xml" "--package-name" "apriltag_ros" "--output-file" "/home/gouzi/obstacle_race_src/build/apriltag_ros/ament_cppcheck/cppcheck.txt" "--command" "/opt/ros/humble/bin/ament_cppcheck" "--xunit-file" "/home/gouzi/obstacle_race_src/build/apriltag_ros/test_results/apriltag_ros/cppcheck.xunit.xml"
Directory: /home/gouzi/obstacle_race_src/src/apriltag_ros
"cppcheck" start time: Jul 11 06:21 CST
Output:
----------------------------------------------------------
-- run_test.py: invoking following command in '/home/gouzi/obstacle_race_src/src/apriltag_ros':
 - /opt/ros/humble/bin/ament_cppcheck --xunit-file /home/gouzi/obstacle_race_src/build/apriltag_ros/test_results/apriltag_ros/cppcheck.xunit.xml
cppcheck 2.7 has known performance issues and therefore will not be used, set the AMENT_CPPCHECK_ALLOW_SLOW_VERSIONS environment variable to override this.
-- run_test.py: return code 0
-- run_test.py: verify result file '/home/gouzi/obstacle_race_src/build/apriltag_ros/test_results/apriltag_ros/cppcheck.xunit.xml'
<end of output>
Test time =   0.15 sec
----------------------------------------------------------
Test Passed.
"cppcheck" end time: Jul 11 06:21 CST
"cppcheck" time elapsed: 00:00:00
----------------------------------------------------------

End testing: Jul 11 06:21 CST

cppcheck =   0.15 sec*proc

linter =   0.15 sec*proc

