<?xml version="1.0" encoding="UTF-8"?>
<Site BuildName="(empty)"
	BuildStamp="20260710-2221-Experimental"
	Name="shijue"
	Generator="ctest-3.22.1"
	CompilerName="/usr/bin/c++"
	CompilerVersion="11.4.0"
	OSName="Linux"
	Hostname="shijue"
	OSRelease="6.8.0-124-generic"
	OSVersion="#124~22.04.1-Ubuntu SMP PREEMPT_DYNAMIC Tue May 26 21:05:19 UTC "
	OSPlatform="x86_64"
	Is64Bits="1"
	VendorString="GenuineIntel"
	VendorID="Intel Corporation"
	FamilyID="6"
	ModelID="140"
	ProcessorCacheSize="8192"
	NumberOfLogicalCPU="8"
	NumberOfPhysicalCPU="4"
	TotalVirtualMemory="2047"
	TotalPhysicalMemory="31726"
	LogicalProcessorsPerPhysical="2"
	ProcessorClockFrequency="3466.5"
	>
	<Testing>
		<StartDateTime>Jul 11 06:21 CST</StartDateTime>
		<StartTestTime>1783722119</StartTestTime>
		<TestList>
			<Test>./cppcheck</Test>
		</TestList>
		<Test Status="passed">
			<Name>cppcheck</Name>
			<Path>.</Path>
			<FullName>./cppcheck</FullName>
			<FullCommandLine>/usr/bin/python3 "-u" "/opt/ros/humble/share/ament_cmake_test/cmake/run_test.py" "/home/gouzi/obstacle_race_src/build/apriltag_ros/test_results/apriltag_ros/cppcheck.xunit.xml" "--package-name" "apriltag_ros" "--output-file" "/home/gouzi/obstacle_race_src/build/apriltag_ros/ament_cppcheck/cppcheck.txt" "--command" "/opt/ros/humble/bin/ament_cppcheck" "--xunit-file" "/home/gouzi/obstacle_race_src/build/apriltag_ros/test_results/apriltag_ros/cppcheck.xunit.xml"</FullCommandLine>
			<Results>
				<NamedMeasurement type="numeric/double" name="Execution Time">
					<Value>0.14797</Value>
				</NamedMeasurement>
				<NamedMeasurement type="numeric/double" name="Processors">
					<Value>1</Value>
				</NamedMeasurement>
				<NamedMeasurement type="text/string" name="Completion Status">
					<Value>Completed</Value>
				</NamedMeasurement>
				<NamedMeasurement type="text/string" name="Command Line">
					<Value>/usr/bin/python3 "-u" "/opt/ros/humble/share/ament_cmake_test/cmake/run_test.py" "/home/gouzi/obstacle_race_src/build/apriltag_ros/test_results/apriltag_ros/cppcheck.xunit.xml" "--package-name" "apriltag_ros" "--output-file" "/home/gouzi/obstacle_race_src/build/apriltag_ros/ament_cppcheck/cppcheck.txt" "--command" "/opt/ros/humble/bin/ament_cppcheck" "--xunit-file" "/home/gouzi/obstacle_race_src/build/apriltag_ros/test_results/apriltag_ros/cppcheck.xunit.xml"</Value>
				</NamedMeasurement>
				<NamedMeasurement type="text/string" name="Environment">
					<Value>#CTEST_RESOURCE_GROUP_COUNT=</Value>
				</NamedMeasurement>
				<Measurement>
					<Value>-- run_test.py: invoking following command in '/home/gouzi/obstacle_race_src/src/apriltag_ros':
 - /opt/ros/humble/bin/ament_cppcheck --xunit-file /home/gouzi/obstacle_race_src/build/apriltag_ros/test_results/apriltag_ros/cppcheck.xunit.xml
cppcheck 2.7 has known performance issues and therefore will not be used, set the AMENT_CPPCHECK_ALLOW_SLOW_VERSIONS environment variable to override this.
-- run_test.py: return code 0
-- run_test.py: verify result file '/home/gouzi/obstacle_race_src/build/apriltag_ros/test_results/apriltag_ros/cppcheck.xunit.xml'
</Value>
				</Measurement>
			</Results>
			<Labels>
				<Label>cppcheck</Label>
				<Label>linter</Label>
			</Labels>
		</Test>
		<EndDateTime>Jul 11 06:21 CST</EndDateTime>
		<EndTestTime>1783722119</EndTestTime>
		<ElapsedMinutes>0</ElapsedMinutes>
	</Testing>
</Site>
